<?xml version="1.0" encoding="UTF-8"?>
<!-- Generated by org.testng.reporters.JUnitReportReporter -->
<<<<<<< HEAD
<testsuite hostname="Alkesh-PC" name="com.carwale.testcases.SearchNewCarsTest" tests="1" failures="0" timestamp="1 Sep 2019 15:46:37 GMT" time="0.001" errors="1">
  <testcase name="getresult" time="0.001" classname="com.carwale.testcases.SearchNewCarsTest">
    <error type="java.lang.NoSuchMethodError" message="org.apache.commons.io.IOUtils.toString(Ljava/io/InputStream;Ljava/nio/charset/Charset;)Ljava/lang/String;">
      <![CDATA[java.lang.NoSuchMethodError: org.apache.commons.io.IOUtils.toString(Ljava/io/InputStream;Ljava/nio/charset/Charset;)Ljava/lang/String;
	at io.github.bonigarcia.wdm.Shell.runAndWaitNoLog(Shell.java:65)
	at io.github.bonigarcia.wdm.Shell.runAndWaitArray(Shell.java:55)
	at io.github.bonigarcia.wdm.Shell.runAndWait(Shell.java:49)
	at io.github.bonigarcia.wdm.WebDriverManager.getDefaultBrowserVersion(WebDriverManager.java:1135)
	at io.github.bonigarcia.wdm.ChromeDriverManager.getBrowserVersion(ChromeDriverManager.java:99)
	at io.github.bonigarcia.wdm.WebDriverManager.detectDriverVersionFromBrowser(WebDriverManager.java:529)
	at io.github.bonigarcia.wdm.WebDriverManager.manage(WebDriverManager.java:475)
	at io.github.bonigarcia.wdm.WebDriverManager.setup(WebDriverManager.java:251)
	at com.carwale.testbase.TestBase.initialization(TestBase.java:58)
	at com.carwale.testcases.SearchNewCarsTest.setUp(SearchNewCarsTest.java:20)
	at sun.reflect.NativeMethodAccessorImpl.invoke0(Native Method)
	at sun.reflect.NativeMethodAccessorImpl.invoke(Unknown Source)
	at sun.reflect.DelegatingMethodAccessorImpl.invoke(Unknown Source)
	at java.lang.reflect.Method.invoke(Unknown Source)
	at org.testng.internal.MethodInvocationHelper.invokeMethod(MethodInvocationHelper.java:86)
	at org.testng.internal.Invoker.invokeConfigurationMethod(Invoker.java:514)
	at org.testng.internal.Invoker.invokeConfigurations(Invoker.java:215)
	at org.testng.internal.Invoker.invokeMethod(Invoker.java:589)
	at org.testng.internal.Invoker.invokeTestMethod(Invoker.java:822)
	at org.testng.internal.Invoker.invokeTestMethods(Invoker.java:1130)
	at org.testng.internal.TestMethodWorker.invokeTestMethods(TestMethodWorker.java:129)
	at org.testng.internal.TestMethodWorker.run(TestMethodWorker.java:112)
	at org.testng.TestRunner.privateRun(TestRunner.java:782)
	at org.testng.TestRunner.run(TestRunner.java:632)
	at org.testng.SuiteRunner.runTest(SuiteRunner.java:366)
	at org.testng.SuiteRunner.runSequentially(SuiteRunner.java:361)
	at org.testng.SuiteRunner.privateRun(SuiteRunner.java:319)
	at org.testng.SuiteRunner.run(SuiteRunner.java:268)
	at org.testng.SuiteRunnerWorker.runSuite(SuiteRunnerWorker.java:52)
	at org.testng.SuiteRunnerWorker.run(SuiteRunnerWorker.java:86)
	at org.testng.TestNG.runSuitesSequentially(TestNG.java:1244)
	at org.testng.TestNG.runSuitesLocally(TestNG.java:1169)
	at org.testng.TestNG.run(TestNG.java:1064)
	at org.testng.remote.RemoteTestNG.run(RemoteTestNG.java:113)
	at org.testng.remote.RemoteTestNG.initAndRun(RemoteTestNG.java:206)
	at org.testng.remote.RemoteTestNG.main(RemoteTestNG.java:177)
]]>
    </error>
  </testcase> <!-- getresult -->
=======
<testsuite hostname="Alkesh-PC" name="com.carwale.testcases.SearchNewCarsTest" tests="1" failures="0" timestamp="14 Sep 2019 07:28:10 GMT" time="59.321" errors="0">
  <testcase name="getresult" time="59.321" classname="com.carwale.testcases.SearchNewCarsTest"/>
>>>>>>> 8db4b2b68612a338d4ae763fc01001704ec752f8
</testsuite> <!-- com.carwale.testcases.SearchNewCarsTest -->
