<?xml version="1.0" encoding="UTF-8"?>
<!-- Generated by org.testng.reporters.JUnitReportReporter -->
<testsuite hostname="Alkesh-PC" name="com.carwale.testcases.SearchNewCarsTest" tests="1" failures="0" timestamp="18 Aug 2019 13:56:01 GMT" time="41.443" errors="0">
  <testcase name="getresult" time="41.443" classname="com.carwale.testcases.SearchNewCarsTest"/>
</testsuite> <!-- com.carwale.testcases.SearchNewCarsTest -->
