<?xml version="1.0" encoding="UTF-8"?>
<!-- Generated by org.testng.reporters.JUnitReportReporter -->
<testsuite hostname="Alkesh-PC" name="com.carwale.testcases.SearchNewCarsTest" tests="1" failures="0" timestamp="14 Sep 2019 07:28:10 GMT" time="59.321" errors="0">
  <testcase name="getresult" time="59.321" classname="com.carwale.testcases.SearchNewCarsTest"/>
</testsuite> <!-- com.carwale.testcases.SearchNewCarsTest -->
